<?xml version="1.0" encoding="UTF-8"?>
<robot generator="Robot 3.2.2 (Python 3.10.4 on win32)" generated="20220607 10:03:47.982" rpa="false">
<suite id="s1" name="Register" source="D:\Test\TEST-ROBOT-FRAMEWORK\TEST-SDS\automation\register\Register.robot">
<test id="s1-t1" name="Register">
<kw name="Open Browser" library="SeleniumLibrary">
<doc>Opens a new browser instance to the optional ``url``.</doc>
<arguments>
<arg>${url}</arg>
<arg>${browser}</arg>
</arguments>
<msg timestamp="20220607 10:03:48.184" level="INFO">Opening browser 'chrome' to base url 'http://practice.automationtesting.in/my-account/'.</msg>
<status status="PASS" starttime="20220607 10:03:48.183" endtime="20220607 10:03:52.731"></status>
</kw>
<kw name="Maximize Browser Window" library="SeleniumLibrary">
<doc>Maximizes current browser window.</doc>
<status status="PASS" starttime="20220607 10:03:52.731" endtime="20220607 10:03:52.878"></status>
</kw>
<kw name="Generate Random String" library="String">
<doc>Generates a string with a desired ``length`` from the given ``chars``.</doc>
<arguments>
<arg>11</arg>
<arg>[LOWER]</arg>
</arguments>
<assign>
<var>${randomString}</var>
</assign>
<msg timestamp="20220607 10:03:52.879" level="INFO">${randomString} = bckvzylcazw</msg>
<status status="PASS" starttime="20220607 10:03:52.878" endtime="20220607 10:03:52.879"></status>
</kw>
<kw name="Generate Random String" library="String">
<doc>Generates a string with a desired ``length`` from the given ``chars``.</doc>
<arguments>
<arg>5</arg>
<arg>[NUMBERS]</arg>
</arguments>
<assign>
<var>${randomNumber}</var>
</assign>
<msg timestamp="20220607 10:03:52.879" level="INFO">${randomNumber} = 29894</msg>
<status status="PASS" starttime="20220607 10:03:52.879" endtime="20220607 10:03:52.879"></status>
</kw>
<kw name="Catenate" library="BuiltIn">
<doc>Catenates the given items together and returns the resulted string.</doc>
<arguments>
<arg>SEPARATOR=</arg>
<arg>${randomString}${randomNumber}</arg>
</arguments>
<assign>
<var>${userName}</var>
</assign>
<msg timestamp="20220607 10:03:52.880" level="INFO">${userName} = bckvzylcazw29894</msg>
<status status="PASS" starttime="20220607 10:03:52.880" endtime="20220607 10:03:52.880"></status>
</kw>
<kw name="Catenate" library="BuiltIn">
<doc>Catenates the given items together and returns the resulted string.</doc>
<arguments>
<arg>SEPARATOR=</arg>
<arg>${randomString}${randomNumber}${domain}</arg>
</arguments>
<assign>
<var>${emailFake}</var>
</assign>
<msg timestamp="20220607 10:03:52.880" level="INFO">${emailFake} = bckvzylcazw29894@gmail.com</msg>
<status status="PASS" starttime="20220607 10:03:52.880" endtime="20220607 10:03:52.880"></status>
</kw>
<kw name="Input Text" library="SeleniumLibrary">
<doc>Types the given ``text`` into the text field identified by ``locator``.</doc>
<arguments>
<arg>xpath://input[@id='reg_email']</arg>
<arg>${emailFake}</arg>
</arguments>
<msg timestamp="20220607 10:03:52.881" level="INFO">Typing text 'bckvzylcazw29894@gmail.com' into text field 'xpath://input[@id='reg_email']'.</msg>
<status status="PASS" starttime="20220607 10:03:52.881" endtime="20220607 10:03:52.975"></status>
</kw>
<kw name="Input Text" library="SeleniumLibrary">
<doc>Types the given ``text`` into the text field identified by ``locator``.</doc>
<arguments>
<arg>xpath://input[@id='reg_password']</arg>
<arg>Maiyeuem@123</arg>
</arguments>
<msg timestamp="20220607 10:03:52.976" level="INFO">Typing text 'Maiyeuem@123' into text field 'xpath://input[@id='reg_password']'.</msg>
<status status="PASS" starttime="20220607 10:03:52.976" endtime="20220607 10:03:53.048"></status>
</kw>
<kw name="Click Element" library="SeleniumLibrary">
<doc>Click the element identified by ``locator``.</doc>
<arguments>
<arg>xpath://input[@name='register']</arg>
</arguments>
<msg timestamp="20220607 10:03:53.049" level="INFO">Clicking element 'xpath://input[@name='register']'.</msg>
<status status="PASS" starttime="20220607 10:03:53.049" endtime="20220607 10:03:53.092"></status>
</kw>
<status status="PASS" starttime="20220607 10:03:48.183" endtime="20220607 10:03:53.092" critical="yes"></status>
</test>
<status status="PASS" starttime="20220607 10:03:47.983" endtime="20220607 10:03:53.093"></status>
</suite>
<statistics>
<total>
<stat pass="1" fail="0">Critical Tests</stat>
<stat pass="1" fail="0">All Tests</stat>
</total>
<tag>
</tag>
<suite>
<stat pass="1" fail="0" id="s1" name="Register">Register</stat>
</suite>
</statistics>
<errors>
</errors>
</robot>
