<?xml version="1.0" encoding="UTF-8"?>
<robot generator="Robot 3.2.2 (Python 3.10.4 on win32)" generated="20220606 21:04:52.629" rpa="false">
<suite id="s1" name="Register" source="C:\Users\leman\Documents\Document_RobotFramework\Project\TEST-SDS\automation\register\Register.robot">
<test id="s1-t1" name="Register">
<kw name="Open Browser" library="SeleniumLibrary">
<doc>Opens a new browser instance to the optional ``url``.</doc>
<arguments>
<arg>${url}</arg>
<arg>${browser}</arg>
</arguments>
<msg timestamp="20220606 21:04:53.111" level="INFO">Opening browser 'chrome' to base url 'http://practice.automationtesting.in/'.</msg>
<status status="PASS" starttime="20220606 21:04:53.110" endtime="20220606 21:05:01.173"></status>
</kw>
<kw name="Maximize Browser Window" library="SeleniumLibrary">
<doc>Maximizes current browser window.</doc>
<status status="PASS" starttime="20220606 21:05:01.174" endtime="20220606 21:05:01.370"></status>
</kw>
<kw name="Click Link" library="SeleniumLibrary">
<doc>Clicks a link identified by ``locator``.</doc>
<arguments>
<arg>xpath://a[text()='My Account']</arg>
</arguments>
<msg timestamp="20220606 21:05:01.379" level="INFO">Clicking link 'xpath://a[text()='My Account']'.</msg>
<status status="PASS" starttime="20220606 21:05:01.377" endtime="20220606 21:05:03.264"></status>
</kw>
<kw name="Generate Random String" library="String">
<doc>Generates a string with a desired ``length`` from the given ``chars``.</doc>
<arguments>
<arg>11</arg>
<arg>[LOWER]</arg>
</arguments>
<assign>
<var>${randomString}</var>
</assign>
<msg timestamp="20220606 21:05:03.265" level="INFO">${randomString} = esyikqdmtxx</msg>
<status status="PASS" starttime="20220606 21:05:03.264" endtime="20220606 21:05:03.265"></status>
</kw>
<kw name="Generate Random String" library="String">
<doc>Generates a string with a desired ``length`` from the given ``chars``.</doc>
<arguments>
<arg>5</arg>
<arg>[NUMBERS]</arg>
</arguments>
<assign>
<var>${randomNumber}</var>
</assign>
<msg timestamp="20220606 21:05:03.267" level="INFO">${randomNumber} = 93770</msg>
<status status="PASS" starttime="20220606 21:05:03.266" endtime="20220606 21:05:03.267"></status>
</kw>
<kw name="Catenate" library="BuiltIn">
<doc>Catenates the given items together and returns the resulted string.</doc>
<arguments>
<arg>SEPARATOR=</arg>
<arg>${randomString}${randomNumber}@gmail.com</arg>
</arguments>
<assign>
<var>${emailFake}</var>
</assign>
<msg timestamp="20220606 21:05:03.269" level="INFO">${emailFake} = esyikqdmtxx93770@gmail.com</msg>
<status status="PASS" starttime="20220606 21:05:03.268" endtime="20220606 21:05:03.270"></status>
</kw>
<kw name="Input Text" library="SeleniumLibrary">
<doc>Types the given ``text`` into the text field identified by ``locator``.</doc>
<arguments>
<arg>xpath://input[@id='reg_email']</arg>
<arg>${emailFake}</arg>
</arguments>
<msg timestamp="20220606 21:05:03.272" level="INFO">Typing text 'esyikqdmtxx93770@gmail.com' into text field 'xpath://input[@id='reg_email']'.</msg>
<status status="PASS" starttime="20220606 21:05:03.271" endtime="20220606 21:05:04.132"></status>
</kw>
<kw name="Input Text" library="SeleniumLibrary">
<doc>Types the given ``text`` into the text field identified by ``locator``.</doc>
<arguments>
<arg>xpath://input[@id='reg_password']</arg>
<arg>Maiyeuem@123</arg>
</arguments>
<msg timestamp="20220606 21:05:04.145" level="INFO">Typing text 'Maiyeuem@123' into text field 'xpath://input[@id='reg_password']'.</msg>
<status status="PASS" starttime="20220606 21:05:04.145" endtime="20220606 21:05:04.576"></status>
</kw>
<kw name="Click Element" library="SeleniumLibrary">
<doc>Click the element identified by ``locator``.</doc>
<arguments>
<arg>xpath://input[@name='register']</arg>
</arguments>
<msg timestamp="20220606 21:05:04.579" level="INFO">Clicking element 'xpath://input[@name='register']'.</msg>
<status status="PASS" starttime="20220606 21:05:04.578" endtime="20220606 21:05:04.692"></status>
</kw>
<status status="PASS" starttime="20220606 21:04:53.109" endtime="20220606 21:05:04.693" critical="yes"></status>
</test>
<status status="PASS" starttime="20220606 21:04:52.632" endtime="20220606 21:05:04.697"></status>
</suite>
<statistics>
<total>
<stat pass="1" fail="0">Critical Tests</stat>
<stat pass="1" fail="0">All Tests</stat>
</total>
<tag>
</tag>
<suite>
<stat pass="1" fail="0" id="s1" name="Register">Register</stat>
</suite>
</statistics>
<errors>
</errors>
</robot>
