<?xml version="1.0" encoding="UTF-8"?>
<robot generator="Robot 3.2.2 (Python 3.10.4 on win32)" generated="20220606 20:15:02.992" rpa="false">
<suite id="s1" name="Account" source="C:\Users\leman\Documents\Document_RobotFramework\Project\TEST-SDS\automation\account\Account.robot">
<test id="s1-t1" name="Login">
<kw name="Open Browser" library="SeleniumLibrary">
<doc>Opens a new browser instance to the optional ``url``.</doc>
<arguments>
<arg>${url}</arg>
<arg>${browser}</arg>
</arguments>
<msg timestamp="20220606 20:15:03.480" level="INFO">Opening browser 'chrome' to base url 'http://practice.automationtesting.in/'.</msg>
<status status="PASS" starttime="20220606 20:15:03.479" endtime="20220606 20:15:12.667"></status>
</kw>
<kw name="Maximize Browser Window" library="SeleniumLibrary">
<doc>Maximizes current browser window.</doc>
<status status="PASS" starttime="20220606 20:15:12.668" endtime="20220606 20:15:12.887"></status>
</kw>
<kw name="Click Link" library="SeleniumLibrary">
<doc>Clicks a link identified by ``locator``.</doc>
<arguments>
<arg>xpath://a[.='My Account']</arg>
</arguments>
<msg timestamp="20220606 20:15:12.889" level="INFO">Clicking link 'xpath://a[.='My Account']'.</msg>
<status status="PASS" starttime="20220606 20:15:12.888" endtime="20220606 20:15:15.037"></status>
</kw>
<kw name="Input Text" library="SeleniumLibrary">
<doc>Types the given ``text`` into the text field identified by ``locator``.</doc>
<arguments>
<arg>id:username</arg>
<arg>lemanhcuong0498@gmail.com</arg>
</arguments>
<msg timestamp="20220606 20:15:15.041" level="INFO">Typing text 'lemanhcuong0498@gmail.com' into text field 'id:username'.</msg>
<status status="PASS" starttime="20220606 20:15:15.041" endtime="20220606 20:15:16.179"></status>
</kw>
<kw name="Input Text" library="SeleniumLibrary">
<doc>Types the given ``text`` into the text field identified by ``locator``.</doc>
<arguments>
<arg>id:password</arg>
<arg>lemanhcuong</arg>
</arguments>
<msg timestamp="20220606 20:15:16.198" level="INFO">Typing text 'lemanhcuong' into text field 'id:password'.</msg>
<status status="PASS" starttime="20220606 20:15:16.198" endtime="20220606 20:15:16.522"></status>
</kw>
<kw name="Click Element" library="SeleniumLibrary">
<doc>Click the element identified by ``locator``.</doc>
<arguments>
<arg>xpath://input[@name='login' ]</arg>
</arguments>
<msg timestamp="20220606 20:15:16.524" level="INFO">Clicking element 'xpath://input[@name='login' ]'.</msg>
<status status="PASS" starttime="20220606 20:15:16.523" endtime="20220606 20:15:19.284"></status>
</kw>
<kw name="Click Link" library="SeleniumLibrary">
<doc>Clicks a link identified by ``locator``.</doc>
<arguments>
<arg>xpath://a[.='Account Details']</arg>
</arguments>
<msg timestamp="20220606 20:15:19.314" level="INFO">Clicking link 'xpath://a[.='Account Details']'.</msg>
<status status="PASS" starttime="20220606 20:15:19.314" endtime="20220606 20:15:24.137"></status>
</kw>
<kw name="Input Text" library="SeleniumLibrary">
<doc>Types the given ``text`` into the text field identified by ``locator``.</doc>
<arguments>
<arg>xpath://input[@id='account_first_name']</arg>
<arg>Le</arg>
</arguments>
<msg timestamp="20220606 20:15:24.138" level="INFO">Typing text 'Le' into text field 'xpath://input[@id='account_first_name']'.</msg>
<status status="PASS" starttime="20220606 20:15:24.138" endtime="20220606 20:15:24.337"></status>
</kw>
<kw name="Input Text" library="SeleniumLibrary">
<doc>Types the given ``text`` into the text field identified by ``locator``.</doc>
<arguments>
<arg>xpath://input[@id='account_last_name']</arg>
<arg>Cuong</arg>
</arguments>
<msg timestamp="20220606 20:15:24.339" level="INFO">Typing text 'Cuong' into text field 'xpath://input[@id='account_last_name']'.</msg>
<status status="PASS" starttime="20220606 20:15:24.339" endtime="20220606 20:15:24.550"></status>
</kw>
<kw name="Click Element" library="SeleniumLibrary">
<doc>Click the element identified by ``locator``.</doc>
<arguments>
<arg>xpath://input[@name='save_account_details']</arg>
</arguments>
<msg timestamp="20220606 20:15:24.552" level="INFO">Clicking element 'xpath://input[@name='save_account_details']'.</msg>
<status status="PASS" starttime="20220606 20:15:24.551" endtime="20220606 20:15:27.878"></status>
</kw>
<status status="PASS" starttime="20220606 20:15:03.478" endtime="20220606 20:15:27.879" critical="yes"></status>
</test>
<status status="PASS" starttime="20220606 20:15:02.995" endtime="20220606 20:15:27.882"></status>
</suite>
<statistics>
<total>
<stat pass="1" fail="0">Critical Tests</stat>
<stat pass="1" fail="0">All Tests</stat>
</total>
<tag>
</tag>
<suite>
<stat pass="1" fail="0" id="s1" name="Account">Account</stat>
</suite>
</statistics>
<errors>
</errors>
</robot>
