<?xml version="1.0" encoding="UTF-8"?>
<robot generator="Robot 3.2.2 (Python 3.10.4 on win32)" generated="20220607 10:05:11.657" rpa="false">
<suite id="s1" name="Account" source="D:\Test\TEST-ROBOT-FRAMEWORK\TEST-SDS\automation\account\Account.robot">
<test id="s1-t1" name="Update Account Details">
<kw name="Open Browser" library="SeleniumLibrary">
<doc>Opens a new browser instance to the optional ``url``.</doc>
<arguments>
<arg>${url}</arg>
<arg>${browser}</arg>
</arguments>
<msg timestamp="20220607 10:05:11.850" level="INFO">Opening browser 'chrome' to base url 'http://practice.automationtesting.in/my-account/'.</msg>
<status status="PASS" starttime="20220607 10:05:11.849" endtime="20220607 10:05:36.876"></status>
</kw>
<kw name="Maximize Browser Window" library="SeleniumLibrary">
<doc>Maximizes current browser window.</doc>
<status status="PASS" starttime="20220607 10:05:36.876" endtime="20220607 10:05:37.008"></status>
</kw>
<kw name="Click Link" library="SeleniumLibrary">
<doc>Clicks a link identified by ``locator``.</doc>
<arguments>
<arg>xpath://a[.='My Account']</arg>
</arguments>
<msg timestamp="20220607 10:05:37.008" level="INFO">Clicking link 'xpath://a[.='My Account']'.</msg>
<status status="PASS" starttime="20220607 10:05:37.008" endtime="20220607 10:05:38.267"></status>
</kw>
<kw name="Input Text" library="SeleniumLibrary">
<doc>Types the given ``text`` into the text field identified by ``locator``.</doc>
<arguments>
<arg>id:username</arg>
<arg>lemanhcuong0498@gmail.com</arg>
</arguments>
<msg timestamp="20220607 10:05:38.268" level="INFO">Typing text 'lemanhcuong0498@gmail.com' into text field 'id:username'.</msg>
<status status="PASS" starttime="20220607 10:05:38.268" endtime="20220607 10:05:38.396"></status>
</kw>
<kw name="Input Text" library="SeleniumLibrary">
<doc>Types the given ``text`` into the text field identified by ``locator``.</doc>
<arguments>
<arg>id:password</arg>
<arg>lemanhcuong</arg>
</arguments>
<msg timestamp="20220607 10:05:38.396" level="INFO">Typing text 'lemanhcuong' into text field 'id:password'.</msg>
<status status="PASS" starttime="20220607 10:05:38.396" endtime="20220607 10:05:38.452"></status>
</kw>
<kw name="Click Element" library="SeleniumLibrary">
<doc>Click the element identified by ``locator``.</doc>
<arguments>
<arg>xpath://input[@name='login' ]</arg>
</arguments>
<msg timestamp="20220607 10:05:38.453" level="INFO">Clicking element 'xpath://input[@name='login' ]'.</msg>
<status status="PASS" starttime="20220607 10:05:38.453" endtime="20220607 10:05:39.678"></status>
</kw>
<kw name="Click Link" library="SeleniumLibrary">
<doc>Clicks a link identified by ``locator``.</doc>
<arguments>
<arg>xpath://a[.='Account Details']</arg>
</arguments>
<msg timestamp="20220607 10:05:39.679" level="INFO">Clicking link 'xpath://a[.='Account Details']'.</msg>
<status status="PASS" starttime="20220607 10:05:39.679" endtime="20220607 10:05:41.209"></status>
</kw>
<kw name="Input Text" library="SeleniumLibrary">
<doc>Types the given ``text`` into the text field identified by ``locator``.</doc>
<arguments>
<arg>xpath://input[@id='account_first_name']</arg>
<arg>Le</arg>
</arguments>
<msg timestamp="20220607 10:05:41.209" level="INFO">Typing text 'Le' into text field 'xpath://input[@id='account_first_name']'.</msg>
<status status="PASS" starttime="20220607 10:05:41.209" endtime="20220607 10:05:41.333"></status>
</kw>
<kw name="Input Text" library="SeleniumLibrary">
<doc>Types the given ``text`` into the text field identified by ``locator``.</doc>
<arguments>
<arg>xpath://input[@id='account_last_name']</arg>
<arg>Cuong</arg>
</arguments>
<msg timestamp="20220607 10:05:41.334" level="INFO">Typing text 'Cuong' into text field 'xpath://input[@id='account_last_name']'.</msg>
<status status="PASS" starttime="20220607 10:05:41.334" endtime="20220607 10:05:41.389"></status>
</kw>
<kw name="Click Element" library="SeleniumLibrary">
<doc>Click the element identified by ``locator``.</doc>
<arguments>
<arg>xpath://input[@name='save_account_details']</arg>
</arguments>
<msg timestamp="20220607 10:05:41.389" level="INFO">Clicking element 'xpath://input[@name='save_account_details']'.</msg>
<status status="PASS" starttime="20220607 10:05:41.389" endtime="20220607 10:05:42.603"></status>
</kw>
<kw name="Element Text Should Be" library="SeleniumLibrary">
<doc>Verifies that element ``locator`` contains exact the text ``expected``.</doc>
<arguments>
<arg>xpath://div[text()='Account details changed successfully.']</arg>
<arg>Account details changed successfully.</arg>
</arguments>
<msg timestamp="20220607 10:05:42.603" level="INFO">Verifying element 'xpath://div[text()='Account details changed successfully.']' contains exact text 'Account details changed successfully.'.</msg>
<status status="PASS" starttime="20220607 10:05:42.603" endtime="20220607 10:05:42.700"></status>
</kw>
<status status="PASS" starttime="20220607 10:05:11.849" endtime="20220607 10:05:42.701" critical="yes"></status>
</test>
<status status="PASS" starttime="20220607 10:05:11.659" endtime="20220607 10:05:42.702"></status>
</suite>
<statistics>
<total>
<stat pass="1" fail="0">Critical Tests</stat>
<stat pass="1" fail="0">All Tests</stat>
</total>
<tag>
</tag>
<suite>
<stat pass="1" fail="0" id="s1" name="Account">Account</stat>
</suite>
</statistics>
<errors>
</errors>
</robot>
