<?xml version="1.0" encoding="UTF-8"?>
<robot generator="Robot 3.2.2 (Python 3.10.4 on win32)" generated="20220606 20:05:27.073" rpa="false">
<suite id="s1" name="Login" source="C:\Users\leman\Documents\Document_RobotFramework\Project\TEST-SDS\automation\login\Login.robot">
<test id="s1-t1" name="Login">
<kw name="Open Browser" library="SeleniumLibrary">
<doc>Opens a new browser instance to the optional ``url``.</doc>
<arguments>
<arg>${url}</arg>
<arg>${browser}</arg>
</arguments>
<msg timestamp="20220606 20:05:27.537" level="INFO">Opening browser 'chrome' to base url 'http://practice.automationtesting.in/'.</msg>
<status status="PASS" starttime="20220606 20:05:27.537" endtime="20220606 20:05:38.531"></status>
</kw>
<kw name="Maximize Browser Window" library="SeleniumLibrary">
<doc>Maximizes current browser window.</doc>
<status status="PASS" starttime="20220606 20:05:38.536" endtime="20220606 20:05:38.746"></status>
</kw>
<kw name="Click Link" library="SeleniumLibrary">
<doc>Clicks a link identified by ``locator``.</doc>
<arguments>
<arg>xpath://a[text()='My Account']</arg>
</arguments>
<msg timestamp="20220606 20:05:38.756" level="INFO">Clicking link 'xpath://a[text()='My Account']'.</msg>
<status status="PASS" starttime="20220606 20:05:38.755" endtime="20220606 20:05:41.160"></status>
</kw>
<kw name="Input Text" library="SeleniumLibrary">
<doc>Types the given ``text`` into the text field identified by ``locator``.</doc>
<arguments>
<arg>id:username</arg>
<arg>lemanhcuong0498@gmail.com</arg>
</arguments>
<msg timestamp="20220606 20:05:41.162" level="INFO">Typing text 'lemanhcuong0498@gmail.com' into text field 'id:username'.</msg>
<status status="PASS" starttime="20220606 20:05:41.161" endtime="20220606 20:05:41.474"></status>
</kw>
<kw name="Input Text" library="SeleniumLibrary">
<doc>Types the given ``text`` into the text field identified by ``locator``.</doc>
<arguments>
<arg>id:password</arg>
<arg>lemanhcuong</arg>
</arguments>
<msg timestamp="20220606 20:05:41.475" level="INFO">Typing text 'lemanhcuong' into text field 'id:password'.</msg>
<status status="PASS" starttime="20220606 20:05:41.475" endtime="20220606 20:05:41.636"></status>
</kw>
<kw name="Click Element" library="SeleniumLibrary">
<doc>Click the element identified by ``locator``.</doc>
<arguments>
<arg>xpath://input[@name='login' ]</arg>
</arguments>
<msg timestamp="20220606 20:05:41.637" level="INFO">Clicking element 'xpath://input[@name='login' ]'.</msg>
<status status="PASS" starttime="20220606 20:05:41.637" endtime="20220606 20:05:43.403"></status>
</kw>
<kw name="Element Should Contain" library="SeleniumLibrary">
<doc>Verifies that element ``locator`` contains text ``expected``.</doc>
<arguments>
<arg>//a[text()='Sign out']/..</arg>
<arg>Hi</arg>
</arguments>
<msg timestamp="20220606 20:05:43.677" level="INFO" html="yes">&lt;/td&gt;&lt;/tr&gt;&lt;tr&gt;&lt;td colspan="3"&gt;&lt;a href="selenium-screenshot-1.png"&gt;&lt;img src="selenium-screenshot-1.png" width="800px"&gt;&lt;/a&gt;</msg>
<msg timestamp="20220606 20:05:43.680" level="FAIL">Element '//a[text()='Sign out']/..' should have contained text 'Hi' but its text was 'Hello lemanhcuong0498 (not lemanhcuong0498? Sign out)'.</msg>
<status status="FAIL" starttime="20220606 20:05:43.404" endtime="20220606 20:05:43.681"></status>
</kw>
<status status="FAIL" starttime="20220606 20:05:27.535" endtime="20220606 20:05:43.682" critical="yes">Element '//a[text()='Sign out']/..' should have contained text 'Hi' but its text was 'Hello lemanhcuong0498 (not lemanhcuong0498? Sign out)'.</status>
</test>
<status status="FAIL" starttime="20220606 20:05:27.076" endtime="20220606 20:05:43.686"></status>
</suite>
<statistics>
<total>
<stat pass="0" fail="1">Critical Tests</stat>
<stat pass="0" fail="1">All Tests</stat>
</total>
<tag>
</tag>
<suite>
<stat pass="0" fail="1" id="s1" name="Login">Login</stat>
</suite>
</statistics>
<errors>
</errors>
</robot>
